<?xml version="1.0" encoding="UTF-8"?>
<!-- Generated by org.testng.reporters.JUnitReportReporter -->
<testsuite hostname="Ritika" failures="0" tests="1" name="com.automationLiteCart.InvalidLoginTest" time="54.597" errors="0" timestamp="2024-10-20T18:41:25 NPT" skipped="0">
  <testcase classname="com.automationLiteCart.InvalidLoginTest" name="verifyInvalidLoginTest" time="54.597"/>
  <system-out/>
</testsuite> <!-- com.automationLiteCart.InvalidLoginTest -->
