<?xml version="1.0" encoding="UTF-8"?>
<!-- Generated by org.testng.reporters.JUnitReportReporter -->
<testsuite hostname="Ritika" failures="0" tests="1" name="com.automationLiteCart.LoginTest" time="31.992" errors="0" timestamp="2024-10-21T09:56:02 NPT" skipped="0">
  <testcase classname="com.automationLiteCart.LoginTest" name="verifyLoginTest" time="31.992"/>
  <system-out/>
</testsuite> <!-- com.automationLiteCart.LoginTest -->
